<?xml version="1.0" encoding="UTF-8"?>
<!-- Generated by org.testng.reporters.JUnitXMLReporter -->
<testsuite ignored="10" hostname="Yeshwanth-Kuruvilla" failures="0" tests="4" name="RDV Invoice With No Deduction Test" time="208.631" errors="0" timestamp="2025-06-12T10:23:20 IST">
  <testcase classname="TestComponents.BaseClass" name="@AfterMethod logout" time="5.238">
    <failure type="org.openqa.selenium.TimeoutException" message="Expected condition failed: waiting for element to be clickable: By.xpath: //img[@name=&amp;apos;isc_10main&amp;apos;] (tried for 5 second(s) with 500 milliseconds interval)
Build info: version: &amp;apos;4.32.0&amp;apos;, revision: &amp;apos;d17c8aa950&amp;apos;
System info: os.name: &amp;apos;Windows 11&amp;apos;, os.arch: &amp;apos;amd64&amp;apos;, os.version: &amp;apos;10.0&amp;apos;, java.version: &amp;apos;23.0.2&amp;apos;
Driver info: org.openqa.selenium.chrome.ChromeDriver
Capabilities {acceptInsecureCerts: false, browserName: chrome, browserVersion: 137.0.7151.69, chrome: {chromedriverVersion: 137.0.7151.70 (dfa4dc56b2ab..., userDataDir: C:\Users\QUALIAN\AppData\Lo...}, fedcm:accounts: true, goog:chromeOptions: {debuggerAddress: localhost:55230}, networkConnectionEnabled: false, pageLoadStrategy: normal, platformName: windows, proxy: Proxy(), se:cdp: ws://localhost:55230/devtoo..., se:cdpVersion: 137.0.7151.69, setWindowRect: true, strictFileInteractability: false, timeouts: {implicit: 0, pageLoad: 300000, script: 30000}, unhandledPromptBehavior: dismiss and notify, webauthn:extension:credBlob: true, webauthn:extension:largeBlob: true, webauthn:extension:minPinLength: true, webauthn:extension:prf: true, webauthn:virtualAuthenticators: true}
Session ID: a2fb01781e52cb3434519a14782dfb97">
      <![CDATA[org.openqa.selenium.TimeoutException: Expected condition failed: waiting for element to be clickable: By.xpath: //img[@name='isc_10main'] (tried for 5 second(s) with 500 milliseconds interval)
Build info: version: '4.32.0', revision: 'd17c8aa950'
System info: os.name: 'Windows 11', os.arch: 'amd64', os.version: '10.0', java.version: '23.0.2'
Driver info: org.openqa.selenium.chrome.ChromeDriver
Capabilities {acceptInsecureCerts: false, browserName: chrome, browserVersion: 137.0.7151.69, chrome: {chromedriverVersion: 137.0.7151.70 (dfa4dc56b2ab..., userDataDir: C:\Users\QUALIAN\AppData\Lo...}, fedcm:accounts: true, goog:chromeOptions: {debuggerAddress: localhost:55230}, networkConnectionEnabled: false, pageLoadStrategy: normal, platformName: windows, proxy: Proxy(), se:cdp: ws://localhost:55230/devtoo..., se:cdpVersion: 137.0.7151.69, setWindowRect: true, strictFileInteractability: false, timeouts: {implicit: 0, pageLoad: 300000, script: 30000}, unhandledPromptBehavior: dismiss and notify, webauthn:extension:credBlob: true, webauthn:extension:largeBlob: true, webauthn:extension:minPinLength: true, webauthn:extension:prf: true, webauthn:virtualAuthenticators: true}
Session ID: a2fb01781e52cb3434519a14782dfb97
at org.openqa.selenium.support.ui.WebDriverWait.timeoutException(WebDriverWait.java:84)
at org.openqa.selenium.support.ui.FluentWait.until(FluentWait.java:228)
at CommonUtilities.ReusableUtilities.logout(ReusableUtilities.java:53)
at TestComponents.BaseClass.logout(BaseClass.java:110)
at java.base/java.util.ArrayList.forEach(ArrayList.java:1597)
... Removed 30 stack frames]]>
    </failure>
  </testcase> <!-- @AfterMethod logout -->
  <testcase classname="RDVCreation.RDVCreation" name="purchaseOrderCreation" time="116.092"/>
  <testcase classname="RDVCreation.RDVCreation" name="POReceiptCreationForRDVNoDeduction" time="29.176"/>
  <testcase classname="RDVCreation.RDVCreation" name="createRDVWithNoDeduction" time="51.871"/>
  <testcase classname="RDVInvoice.RDVInvoiceWithNoDeduction" name="InvoiceWithNoDeduction" time="0.0"/>
  <testcase classname="RDVCreation.RDVCreation" name="POReceiptCreationForRDVDeductionPenalty" time="0.0">
    <ignored/>
  </testcase> <!-- POReceiptCreationForRDVDeductionPenalty -->
  <testcase classname="RDVCreation.RDVCreation" name="createRDVWithDeductionExternalPenalty" time="0.0">
    <ignored/>
  </testcase> <!-- createRDVWithDeductionExternalPenalty -->
  <testcase classname="TestComponents.BaseClass" name="@BeforeSuite setUpDriver" time="0.0">
    <ignored/>
  </testcase> <!-- @BeforeSuite setUpDriver -->
  <testcase classname="RDVCreation.RDVCreation" name="POReceiptCreationForRDVDeductionHold" time="0.0">
    <ignored/>
  </testcase> <!-- POReceiptCreationForRDVDeductionHold -->
  <testcase classname="RDVCreation.RDVCreation" name="createRDVWithDeductionHold" time="0.0">
    <ignored/>
  </testcase> <!-- createRDVWithDeductionHold -->
  <testcase classname="RDVCreation.RDVCreation" name="POReceiptCreationForRDVWithAllDeductions" time="0.0">
    <ignored/>
  </testcase> <!-- POReceiptCreationForRDVWithAllDeductions -->
  <testcase classname="RDVCreation.RDVCreation" name="POReceiptCreationForRDVDeductionExternalPenalty" time="0.0">
    <ignored/>
  </testcase> <!-- POReceiptCreationForRDVDeductionExternalPenalty -->
  <testcase classname="RDVCreation.RDVCreation" name="createRDVWithDeductionPenalty" time="0.0">
    <ignored/>
  </testcase> <!-- createRDVWithDeductionPenalty -->
  <testcase classname="TestComponents.BaseClass" name="@AfterSuite quitBrowser" time="0.0">
    <ignored/>
  </testcase> <!-- @AfterSuite quitBrowser -->
  <testcase classname="RDVCreation.RDVCreation" name="createRDVWithAllDeductions" time="0.0">
    <ignored/>
  </testcase> <!-- createRDVWithAllDeductions -->
</testsuite> <!-- RDV Invoice With No Deduction Test -->
