<?xml version="1.0" encoding="UTF-8"?>
<!-- Generated by org.testng.reporters.JUnitXMLReporter -->
<testsuite ignored="2" hostname="Yeshwanth-Kuruvilla" failures="2" tests="6" name="RDV Creation Test" time="228.77" errors="0" timestamp="2025-06-05T18:38:53 IST">
  <testcase classname="ReceiptCreationFromPO.POReceipt" name="purchaseOrderCreation" time="116.094"/>
  <testcase classname="ReceiptCreationFromPO.POReceipt" name="POReceiptCreation1" time="25.785">
    <skipped/>
  </testcase> <!-- POReceiptCreation1 -->
  <testcase classname="ReceiptCreationFromPO.POReceipt" name="POReceiptCreation1" time="29.136"/>
  <testcase classname="RDVCreation.RDVCreation" name="createRDVWithNoDeduction" time="0.003">
    <failure type="org.testng.internal.reflect.MethodMatcherException" message="
[public void RDVCreation.RDVCreation.createRDVWithNoDeduction() throws java.sql.SQLException,java.lang.InterruptedException] has no parameters defined but was found to be using a data provider (either explicitly specified or inherited from class level annotation).
Data provider mismatch
Method: createRDVWithNoDeduction([])
Arguments: [(java.util.HashMap) {holdName=إيقاف اتعاب الإشراف}]">
      <![CDATA[org.testng.internal.reflect.MethodMatcherException: 
[public void RDVCreation.RDVCreation.createRDVWithNoDeduction() throws java.sql.SQLException,java.lang.InterruptedException] has no parameters defined but was found to be using a data provider (either explicitly specified or inherited from class level annotation).
Data provider mismatch
Method: createRDVWithNoDeduction([])
Arguments: [(java.util.HashMap) {holdName=إيقاف اتعاب الإشراف}]
at java.base/java.util.ArrayList.forEach(ArrayList.java:1597)
... Removed 22 stack frames]]>
    </failure>
  </testcase> <!-- createRDVWithNoDeduction -->
  <testcase classname="ReceiptCreationFromPO.POReceipt" name="POReceiptCreation2" time="29.348"/>
  <testcase classname="RDVCreation.RDVCreation" name="createRDVWithDeductionHold" time="18.173">
    <failure type="org.openqa.selenium.TimeoutException" message="Expected condition failed: waiting for element to be clickable: By.xpath: (//div/nobr[contains(text(),&amp;apos;1018096&amp;apos;)])[1] (tried for 5 second(s) with 500 milliseconds interval)
Build info: version: &amp;apos;4.32.0&amp;apos;, revision: &amp;apos;d17c8aa950&amp;apos;
System info: os.name: &amp;apos;Windows 11&amp;apos;, os.arch: &amp;apos;amd64&amp;apos;, os.version: &amp;apos;10.0&amp;apos;, java.version: &amp;apos;23.0.2&amp;apos;
Driver info: org.openqa.selenium.chrome.ChromeDriver
Capabilities {acceptInsecureCerts: false, browserName: chrome, browserVersion: 137.0.7151.55, chrome: {chromedriverVersion: 137.0.7151.68 (2989ffee9373..., userDataDir: C:\Users\QUALIAN\AppData\Lo...}, fedcm:accounts: true, goog:chromeOptions: {debuggerAddress: localhost:59368}, networkConnectionEnabled: false, pageLoadStrategy: normal, platformName: windows, proxy: Proxy(), se:cdp: ws://localhost:59368/devtoo..., se:cdpVersion: 137.0.7151.55, setWindowRect: true, strictFileInteractability: false, timeouts: {implicit: 0, pageLoad: 300000, script: 30000}, unhandledPromptBehavior: dismiss and notify, webauthn:extension:credBlob: true, webauthn:extension:largeBlob: true, webauthn:extension:minPinLength: true, webauthn:extension:prf: true, webauthn:virtualAuthenticators: true}
Session ID: 122905d91cc9af964bd3f0f0a33fa530">
      <![CDATA[org.openqa.selenium.TimeoutException: Expected condition failed: waiting for element to be clickable: By.xpath: (//div/nobr[contains(text(),'1018096')])[1] (tried for 5 second(s) with 500 milliseconds interval)
Build info: version: '4.32.0', revision: 'd17c8aa950'
System info: os.name: 'Windows 11', os.arch: 'amd64', os.version: '10.0', java.version: '23.0.2'
Driver info: org.openqa.selenium.chrome.ChromeDriver
Capabilities {acceptInsecureCerts: false, browserName: chrome, browserVersion: 137.0.7151.55, chrome: {chromedriverVersion: 137.0.7151.68 (2989ffee9373..., userDataDir: C:\Users\QUALIAN\AppData\Lo...}, fedcm:accounts: true, goog:chromeOptions: {debuggerAddress: localhost:59368}, networkConnectionEnabled: false, pageLoadStrategy: normal, platformName: windows, proxy: Proxy(), se:cdp: ws://localhost:59368/devtoo..., se:cdpVersion: 137.0.7151.55, setWindowRect: true, strictFileInteractability: false, timeouts: {implicit: 0, pageLoad: 300000, script: 30000}, unhandledPromptBehavior: dismiss and notify, webauthn:extension:credBlob: true, webauthn:extension:largeBlob: true, webauthn:extension:minPinLength: true, webauthn:extension:prf: true, webauthn:virtualAuthenticators: true}
Session ID: 122905d91cc9af964bd3f0f0a33fa530
at org.openqa.selenium.support.ui.WebDriverWait.timeoutException(WebDriverWait.java:84)
at org.openqa.selenium.support.ui.FluentWait.until(FluentWait.java:228)
at LocatorsOfWindows.ReceiptDeliveryVerificationLocators.RDVPOFilter(ReceiptDeliveryVerificationLocators.java:49)
at RDVCreation.RDVCreation.createRDVWithDeductionHold(RDVCreation.java:48)
at java.base/java.util.ArrayList.forEach(ArrayList.java:1597)
... Removed 25 stack frames]]>
    </failure>
  </testcase> <!-- createRDVWithDeductionHold -->
  <testcase classname="TestComponents.BaseClass" name="@BeforeSuite setUpDriver" time="0.0">
    <ignored/>
  </testcase> <!-- @BeforeSuite setUpDriver -->
  <testcase classname="TestComponents.BaseClass" name="@AfterSuite quitBrowser" time="0.0">
    <ignored/>
  </testcase> <!-- @AfterSuite quitBrowser -->
</testsuite> <!-- RDV Creation Test -->
